f:\vs_workspace\repos\exiftool\x64\debug\vc143.pdb
f:\vs_workspace\repos\exiftool\x64\debug\vc143.idb
f:\vs_workspace\repos\exiftool\x64\debug\main.obj
f:\vs_workspace\repos\exiftool\x64\debug\exif.obj
f:\vs_workspace\repos\exiftool\x64\debug\exiftool.ilk
f:\vs_workspace\repos\exiftool\x64\debug\exiftool.exe
f:\vs_workspace\repos\exiftool\x64\debug\exiftool.pdb
f:\github\exiftool\x64\debug\exif.obj
f:\github\exiftool\x64\debug\main.obj
f:\github\exiftool\x64\debug\exiftool.ilk
f:\github\exiftool\x64\debug\vc143.idb
f:\github\exiftool\x64\debug\exiftool.pdb
f:\github\exiftool\x64\debug\vc143.pdb
f:\github\exiftool\x64\debug\exiftool.exe
f:\github\exiftool\x64\debug\exiftool.tlog\cl.command.1.tlog
f:\github\exiftool\x64\debug\exiftool.tlog\cl.read.1.tlog
f:\github\exiftool\x64\debug\exiftool.tlog\cl.write.1.tlog
f:\github\exiftool\x64\debug\exiftool.tlog\link.command.1.tlog
f:\github\exiftool\x64\debug\exiftool.tlog\link.read.1.tlog
f:\github\exiftool\x64\debug\exiftool.tlog\link.write.1.tlog
